0 info it worked if it ends with ok
1 verbose cli [ '/usr/bin/node', '/usr/bin/npm', 'start' ]
2 info using npm@3.10.10
3 info using node@v6.17.1
4 verbose run-script [ 'prestart', 'start', 'poststart' ]
5 info lifecycle curate-match@0.0.0~prestart: curate-match@0.0.0
6 silly lifecycle curate-match@0.0.0~prestart: no script for prestart, continuing
7 info lifecycle curate-match@0.0.0~start: curate-match@0.0.0
8 verbose lifecycle curate-match@0.0.0~start: unsafe-perm in lifecycle true
9 verbose lifecycle curate-match@0.0.0~start: PATH: /usr/lib/node_modules/npm/bin/node-gyp-bin:/home/ec2-user/environment/node_modules/.bin:/home/ec2-user/.rvm/gems/ruby-2.6.3/bin:/home/ec2-user/.rvm/gems/ruby-2.6.3@global/bin:/home/ec2-user/.rvm/rubies/ruby-2.6.3/bin:/home/ec2-user/.rvm/gems/ruby-2.6.3/bin:/home/ec2-user/.rvm/gems/ruby-2.6.3@global/bin:/home/ec2-user/.rvm/rubies/ruby-2.6.3/bin:/home/ec2-user/.rvm/gems/ruby-2.6.3/bin:/home/ec2-user/.rvm/gems/ruby-2.6.3@global/bin:/home/ec2-user/.rvm/rubies/ruby-2.6.3/bin:/usr/local/bin:/usr/bin:/home/ec2-user/.local/bin:/home/ec2-user/bin:/usr/local/bin:/home/ec2-user/.rvm/bin:/usr/local/sbin:/usr/sbin:/home/ec2-user/.local/bin:/home/ec2-user/bin:/usr/local/bin:/home/ec2-user/.rvm/bin:/home/ec2-user/.local/bin:/home/ec2-user/bin:/home/ec2-user/.local/bin:/home/ec2-user/bin:/usr/local/bin:/home/ec2-user/.rvm/bin:/home/ec2-user/.local/bin:/home/ec2-user/bin
10 verbose lifecycle curate-match@0.0.0~start: CWD: /home/ec2-user/environment
11 silly lifecycle curate-match@0.0.0~start: Args: [ '-c',
11 silly lifecycle   'ng serve --host $IP --port $PORT --public-host --disable-host-check' ]
12 silly lifecycle curate-match@0.0.0~start: Returned: code: 3  signal: null
13 info lifecycle curate-match@0.0.0~start: Failed to exec start script
14 verbose stack Error: curate-match@0.0.0 start: `ng serve --host $IP --port $PORT --public-host --disable-host-check`
14 verbose stack Exit status 3
14 verbose stack     at EventEmitter.<anonymous> (/usr/lib/node_modules/npm/lib/utils/lifecycle.js:255:16)
14 verbose stack     at emitTwo (events.js:106:13)
14 verbose stack     at EventEmitter.emit (events.js:191:7)
14 verbose stack     at ChildProcess.<anonymous> (/usr/lib/node_modules/npm/lib/utils/spawn.js:40:14)
14 verbose stack     at emitTwo (events.js:106:13)
14 verbose stack     at ChildProcess.emit (events.js:191:7)
14 verbose stack     at maybeClose (internal/child_process.js:920:16)
14 verbose stack     at Process.ChildProcess._handle.onexit (internal/child_process.js:230:5)
15 verbose pkgid curate-match@0.0.0
16 verbose cwd /home/ec2-user/environment
17 error Linux 4.14.243-185.433.amzn2.x86_64
18 error argv "/usr/bin/node" "/usr/bin/npm" "start"
19 error node v6.17.1
20 error npm  v3.10.10
21 error code ELIFECYCLE
22 error curate-match@0.0.0 start: `ng serve --host $IP --port $PORT --public-host --disable-host-check`
22 error Exit status 3
23 error Failed at the curate-match@0.0.0 start script 'ng serve --host $IP --port $PORT --public-host --disable-host-check'.
23 error Make sure you have the latest version of node.js and npm installed.
23 error If you do, this is most likely a problem with the curate-match package,
23 error not with npm itself.
23 error Tell the author that this fails on your system:
23 error     ng serve --host $IP --port $PORT --public-host --disable-host-check
23 error You can get information on how to open an issue for this project with:
23 error     npm bugs curate-match
23 error Or if that isn't available, you can get their info via:
23 error     npm owner ls curate-match
23 error There is likely additional logging output above.
24 verbose exit [ 1, true ]
